D:\MERCURIAL\CS2103-F09-2C\TASKY\TASKY\DEBUG\UI.OBJ
D:\MERCURIAL\CS2103-F09-2C\TASKY\TASKY\DEBUG\TASK.OBJ
D:\MERCURIAL\CS2103-F09-2C\TASKY\TASKY\DEBUG\MAIN.OBJ
D:\MERCURIAL\CS2103-F09-2C\TASKY\TASKY\DEBUG\TASKLIST.OBJ
D:\MERCURIAL\CS2103-F09-2C\TASKY\TASKY\DEBUG\PROCESSOR.OBJ
D:\MERCURIAL\CS2103-F09-2C\TASKY\TASKY\DEBUG\MESSAGES.OBJ
D:\MERCURIAL\CS2103-F09-2C\TASKY\TASKY\DEBUG\INTERPRETER.OBJ
D:\MERCURIAL\CS2103-F09-2C\TASKY\TASKY\DEBUG\HISTORYCOMMAND.OBJ
D:\MERCURIAL\CS2103-F09-2C\TASKY\TASKY\DEBUG\HISTORY.OBJ
D:\MERCURIAL\CS2103-F09-2C\TASKY\TASKY\DEBUG\HELPUSER.OBJ
D:\MERCURIAL\CS2103-F09-2C\TASKY\TASKY\DEBUG\FILEPROCESSING.OBJ
D:\MERCURIAL\CS2103-F09-2C\TASKY\TASKY\DEBUG\BASICDATETIME.OBJ
D:\MERCURIAL\CS2103-F09-2C\TASKY\TASKY\DEBUG\VC110.PDB
D:\MERCURIAL\CS2103-F09-2C\TASKY\TASKY\DEBUG\.NETFRAMEWORK,VERSION=V4.0.ASSEMBLYATTRIBUTES.OBJ
D:\MERCURIAL\CS2103-F09-2C\TASKY\DEBUG\TASKY.ILK
D:\MERCURIAL\CS2103-F09-2C\TASKY\DEBUG\TASKY.EXE
D:\MERCURIAL\CS2103-F09-2C\TASKY\DEBUG\TASKY.PDB
D:\Mercurial\cs2103-f09-2c\Tasky\Tasky\Debug\Tasky.vcxprojResolveAssemblyReference.cache
D:\Mercurial\cs2103-f09-2c\Tasky\Tasky\Debug\.NETFramework,Version=v4.0.AssemblyAttributes.obj
D:\Mercurial\cs2103-f09-2c\Tasky\Tasky\Debug\BasicDateTime.obj
D:\Mercurial\cs2103-f09-2c\Tasky\Tasky\Debug\FileProcessing.obj
D:\Mercurial\cs2103-f09-2c\Tasky\Tasky\Debug\HelpUser.obj
D:\Mercurial\cs2103-f09-2c\Tasky\Tasky\Debug\History.obj
D:\Mercurial\cs2103-f09-2c\Tasky\Tasky\Debug\HistoryCommand.obj
D:\Mercurial\cs2103-f09-2c\Tasky\Tasky\Debug\Interpreter.obj
D:\Mercurial\cs2103-f09-2c\Tasky\Tasky\Debug\Main.obj
D:\Mercurial\cs2103-f09-2c\Tasky\Tasky\Debug\Messages.obj
D:\Mercurial\cs2103-f09-2c\Tasky\Tasky\Debug\Processor.obj
D:\Mercurial\cs2103-f09-2c\Tasky\Tasky\Debug\Task.obj
D:\Mercurial\cs2103-f09-2c\Tasky\Tasky\Debug\TaskList.obj
D:\Mercurial\cs2103-f09-2c\Tasky\Tasky\Debug\UI.obj
D:\Mercurial\cs2103-f09-2c\Tasky\Tasky\Debug\cl.command.1.tlog
D:\Mercurial\cs2103-f09-2c\Tasky\Tasky\Debug\CL.read.1.tlog
D:\Mercurial\cs2103-f09-2c\Tasky\Tasky\Debug\CL.write.1.tlog
D:\Mercurial\cs2103-f09-2c\Tasky\Tasky\Debug\link.5176-cvtres.read.1.tlog
D:\Mercurial\cs2103-f09-2c\Tasky\Tasky\Debug\link.5176-cvtres.write.1.tlog
D:\Mercurial\cs2103-f09-2c\Tasky\Tasky\Debug\link.5176-rc.read.1.tlog
D:\Mercurial\cs2103-f09-2c\Tasky\Tasky\Debug\link.5176-rc.write.1.tlog
D:\Mercurial\cs2103-f09-2c\Tasky\Tasky\Debug\link.5176.read.1.tlog
D:\Mercurial\cs2103-f09-2c\Tasky\Tasky\Debug\link.5176.write.1.tlog
D:\Mercurial\cs2103-f09-2c\Tasky\Tasky\Debug\link.command.1.tlog
D:\Mercurial\cs2103-f09-2c\Tasky\Tasky\Debug\link.read.1.tlog
D:\Mercurial\cs2103-f09-2c\Tasky\Tasky\Debug\link.write.1.tlog
D:\Mercurial\cs2103-f09-2c\Tasky\Tasky\Debug\metagen.read.1.tlog
D:\Mercurial\cs2103-f09-2c\Tasky\Tasky\Debug\metagen.write.1.tlog
D:\Mercurial\cs2103-f09-2c\Tasky\Tasky\Debug\vc110.pdb
D:\Mercurial\cs2103-f09-2c\Tasky\Tasky\Debug\RSAENH.DLL.bi
D:\Mercurial\cs2103-f09-2c\Tasky\Tasky\Debug\TZRES.DLL.bi
D:\Mercurial\cs2103-f09-2c\Tasky\Debug\Tasky.pdb
D:\Mercurial\cs2103-f09-2c\Tasky\Debug\Tasky.exe
D:\Mercurial\cs2103-f09-2c\Tasky\Debug\Tasky.ilk
