D:\MERCURIAL\CS2103-F09-2C\QT\TASKYDESIGN1\RELEASE\TASKYDESIGN.OBJ
D:\MERCURIAL\CS2103-F09-2C\QT\TASKYDESIGN1\RELEASE\MAIN.OBJ
D:\MERCURIAL\CS2103-F09-2C\QT\TASKYDESIGN1\RELEASE\QXTGLOBALSHORTCUT_WIN.OBJ
D:\MERCURIAL\CS2103-F09-2C\QT\TASKYDESIGN1\RELEASE\QXTGLOBALSHORTCUT.OBJ
D:\MERCURIAL\CS2103-F09-2C\QT\TASKYDESIGN1\RELEASE\MOC_TASKYDESIGN.OBJ
D:\MERCURIAL\CS2103-F09-2C\QT\TASKYDESIGN1\RELEASE\MOC_QXTGLOBALSHORTCUT.OBJ
D:\MERCURIAL\CS2103-F09-2C\QT\TASKYDESIGN1\RELEASE\QRC_TASKYDESIGN.OBJ
D:\MERCURIAL\CS2103-F09-2C\QT\TASKYDESIGN1\GENERATEDFILES\UI_TASKYDESIGN.H
D:\MERCURIAL\CS2103-F09-2C\QT\TASKYDESIGN1\GENERATEDFILES\RELEASE\MOC_QXTGLOBALSHORTCUT.CPP
D:\MERCURIAL\CS2103-F09-2C\QT\TASKYDESIGN1\GENERATEDFILES\QRC_TASKYDESIGN.CPP
D:\MERCURIAL\CS2103-F09-2C\QT\TASKYDESIGN1\GENERATEDFILES\RELEASE\MOC_TASKYDESIGN.CPP
D:\MERCURIAL\CS2103-F09-2C\QT\WIN32\RELEASE\TASKYDESIGN.EXE
D:\MERCURIAL\CS2103-F09-2C\QT\TASKYDESIGN1\RELEASE\LOGO.RES
D:\Mercurial\cs2103-f09-2c\Qt\Win32\Release\TaskyDesign.lib
D:\Mercurial\cs2103-f09-2c\Qt\Win32\Release\TaskyDesign.exp
D:\Mercurial\cs2103-f09-2c\Qt\TaskyDesign1\Release\main.obj
D:\Mercurial\cs2103-f09-2c\Qt\TaskyDesign1\Release\moc_qxtglobalshortcut.obj
D:\Mercurial\cs2103-f09-2c\Qt\TaskyDesign1\Release\moc_taskydesign.obj
D:\Mercurial\cs2103-f09-2c\Qt\TaskyDesign1\Release\qrc_taskydesign.obj
D:\Mercurial\cs2103-f09-2c\Qt\TaskyDesign1\Release\qxtglobalshortcut.obj
D:\Mercurial\cs2103-f09-2c\Qt\TaskyDesign1\Release\qxtglobalshortcut_win.obj
D:\Mercurial\cs2103-f09-2c\Qt\TaskyDesign1\Release\taskydesign.obj
D:\Mercurial\cs2103-f09-2c\Qt\TaskyDesign1\Release\cl.command.1.tlog
D:\Mercurial\cs2103-f09-2c\Qt\TaskyDesign1\Release\CL.read.1.tlog
D:\Mercurial\cs2103-f09-2c\Qt\TaskyDesign1\Release\CL.write.1.tlog
D:\Mercurial\cs2103-f09-2c\Qt\TaskyDesign1\Release\custombuild.command.1.tlog
D:\Mercurial\cs2103-f09-2c\Qt\TaskyDesign1\Release\custombuild.read.1.tlog
D:\Mercurial\cs2103-f09-2c\Qt\TaskyDesign1\Release\custombuild.write.1.tlog
D:\Mercurial\cs2103-f09-2c\Qt\TaskyDesign1\Release\link.3500-cvtres.read.1.tlog
D:\Mercurial\cs2103-f09-2c\Qt\TaskyDesign1\Release\link.3500-cvtres.write.1.tlog
D:\Mercurial\cs2103-f09-2c\Qt\TaskyDesign1\Release\link.3500-rc.read.1.tlog
D:\Mercurial\cs2103-f09-2c\Qt\TaskyDesign1\Release\link.3500-rc.write.1.tlog
D:\Mercurial\cs2103-f09-2c\Qt\TaskyDesign1\Release\link.3500.read.1.tlog
D:\Mercurial\cs2103-f09-2c\Qt\TaskyDesign1\Release\link.3500.write.1.tlog
D:\Mercurial\cs2103-f09-2c\Qt\TaskyDesign1\Release\link.7724-cvtres.read.1.tlog
D:\Mercurial\cs2103-f09-2c\Qt\TaskyDesign1\Release\link.7724-cvtres.write.1.tlog
D:\Mercurial\cs2103-f09-2c\Qt\TaskyDesign1\Release\link.7724-rc.read.1.tlog
D:\Mercurial\cs2103-f09-2c\Qt\TaskyDesign1\Release\link.7724-rc.write.1.tlog
D:\Mercurial\cs2103-f09-2c\Qt\TaskyDesign1\Release\link.7724.read.1.tlog
D:\Mercurial\cs2103-f09-2c\Qt\TaskyDesign1\Release\link.7724.write.1.tlog
D:\Mercurial\cs2103-f09-2c\Qt\TaskyDesign1\Release\link.command.1.tlog
D:\Mercurial\cs2103-f09-2c\Qt\TaskyDesign1\Release\link.read.1.tlog
D:\Mercurial\cs2103-f09-2c\Qt\TaskyDesign1\Release\link.write.1.tlog
D:\Mercurial\cs2103-f09-2c\Qt\TaskyDesign1\Release\rc.command.1.tlog
D:\Mercurial\cs2103-f09-2c\Qt\TaskyDesign1\Release\rc.read.1.tlog
D:\Mercurial\cs2103-f09-2c\Qt\TaskyDesign1\Release\rc.write.1.tlog
D:\Mercurial\cs2103-f09-2c\Qt\TaskyDesign1\Release\TaskyDesign.write.1.tlog
D:\Mercurial\cs2103-f09-2c\Qt\TaskyDesign1\Release\logo.res
D:\Mercurial\cs2103-f09-2c\Qt\Win32\Release\TaskyDesign.exe
