D:\MERCURIAL\CS2103-F09-2C\QT\TASKYBACKEND\DEBUG\TASKLIST.OBJ
D:\MERCURIAL\CS2103-F09-2C\QT\TASKYBACKEND\DEBUG\TASK.OBJ
D:\MERCURIAL\CS2103-F09-2C\QT\TASKYBACKEND\DEBUG\PROCESSOR.OBJ
D:\MERCURIAL\CS2103-F09-2C\QT\TASKYBACKEND\DEBUG\MESSAGES.OBJ
D:\MERCURIAL\CS2103-F09-2C\QT\TASKYBACKEND\DEBUG\INTERPRETER.OBJ
D:\MERCURIAL\CS2103-F09-2C\QT\TASKYBACKEND\DEBUG\HISTORYCOMMAND.OBJ
D:\MERCURIAL\CS2103-F09-2C\QT\TASKYBACKEND\DEBUG\HISTORY.OBJ
D:\MERCURIAL\CS2103-F09-2C\QT\TASKYBACKEND\DEBUG\HELPUSER.OBJ
D:\MERCURIAL\CS2103-F09-2C\QT\TASKYBACKEND\DEBUG\FILEPROCESSING.OBJ
D:\MERCURIAL\CS2103-F09-2C\QT\TASKYBACKEND\DEBUG\BASICDATETIME.OBJ
D:\MERCURIAL\CS2103-F09-2C\QT\TASKYBACKEND\DEBUG\VC110.PDB
D:\MERCURIAL\CS2103-F09-2C\QT\TASKYBACKEND\DEBUG\.NETFRAMEWORK,VERSION=V4.0.ASSEMBLYATTRIBUTES.OBJ
D:\MERCURIAL\CS2103-F09-2C\QT\DEBUG\TASKYBACKEND.LIB
D:\Mercurial\cs2103-f09-2c\Qt\TaskyBackEnd\Debug\.NETFramework,Version=v4.0.AssemblyAttributes.obj
D:\Mercurial\cs2103-f09-2c\Qt\TaskyBackEnd\Debug\BasicDateTime.obj
D:\Mercurial\cs2103-f09-2c\Qt\TaskyBackEnd\Debug\FileProcessing.obj
D:\Mercurial\cs2103-f09-2c\Qt\TaskyBackEnd\Debug\HelpUser.obj
D:\Mercurial\cs2103-f09-2c\Qt\TaskyBackEnd\Debug\History.obj
D:\Mercurial\cs2103-f09-2c\Qt\TaskyBackEnd\Debug\HistoryCommand.obj
D:\Mercurial\cs2103-f09-2c\Qt\TaskyBackEnd\Debug\Interpreter.obj
D:\Mercurial\cs2103-f09-2c\Qt\TaskyBackEnd\Debug\Messages.obj
D:\Mercurial\cs2103-f09-2c\Qt\TaskyBackEnd\Debug\Processor.obj
D:\Mercurial\cs2103-f09-2c\Qt\TaskyBackEnd\Debug\Task.obj
D:\Mercurial\cs2103-f09-2c\Qt\TaskyBackEnd\Debug\TaskList.obj
D:\Mercurial\cs2103-f09-2c\Qt\TaskyBackEnd\Debug\cl.command.1.tlog
D:\Mercurial\cs2103-f09-2c\Qt\TaskyBackEnd\Debug\CL.read.1.tlog
D:\Mercurial\cs2103-f09-2c\Qt\TaskyBackEnd\Debug\CL.write.1.tlog
D:\Mercurial\cs2103-f09-2c\Qt\TaskyBackEnd\Debug\Lib-link.read.1.tlog
D:\Mercurial\cs2103-f09-2c\Qt\TaskyBackEnd\Debug\Lib-link.write.1.tlog
D:\Mercurial\cs2103-f09-2c\Qt\TaskyBackEnd\Debug\lib.command.1.tlog
D:\Mercurial\cs2103-f09-2c\Qt\TaskyBackEnd\Debug\metagen.read.1.tlog
D:\Mercurial\cs2103-f09-2c\Qt\TaskyBackEnd\Debug\metagen.write.1.tlog
D:\Mercurial\cs2103-f09-2c\Qt\TaskyBackEnd\Debug\vc110.pdb
D:\Mercurial\cs2103-f09-2c\Qt\TaskyBackEnd\Debug\RSAENH.DLL.bi
D:\Mercurial\cs2103-f09-2c\Qt\TaskyBackEnd\Debug\TZRES.DLL.bi
D:\Mercurial\cs2103-f09-2c\Qt\Debug\TaskyBackEnd.lib
