D:\MERCURIAL\CS2103-F09-2C\QT\TASKYBACKEND\RELEASE\TASKLIST.OBJ
D:\MERCURIAL\CS2103-F09-2C\QT\TASKYBACKEND\RELEASE\TASK.OBJ
D:\MERCURIAL\CS2103-F09-2C\QT\TASKYBACKEND\RELEASE\PROCESSOR.OBJ
D:\MERCURIAL\CS2103-F09-2C\QT\TASKYBACKEND\RELEASE\MESSAGES.OBJ
D:\MERCURIAL\CS2103-F09-2C\QT\TASKYBACKEND\RELEASE\INTERPRETER.OBJ
D:\MERCURIAL\CS2103-F09-2C\QT\TASKYBACKEND\RELEASE\HISTORYCOMMAND.OBJ
D:\MERCURIAL\CS2103-F09-2C\QT\TASKYBACKEND\RELEASE\HISTORY.OBJ
D:\MERCURIAL\CS2103-F09-2C\QT\TASKYBACKEND\RELEASE\HELPUSER.OBJ
D:\MERCURIAL\CS2103-F09-2C\QT\TASKYBACKEND\RELEASE\FILEPROCESSING.OBJ
D:\MERCURIAL\CS2103-F09-2C\QT\TASKYBACKEND\RELEASE\BASICDATETIME.OBJ
D:\MERCURIAL\CS2103-F09-2C\QT\TASKYBACKEND\RELEASE\VC110.PDB
D:\MERCURIAL\CS2103-F09-2C\QT\TASKYBACKEND\RELEASE\.NETFRAMEWORK,VERSION=V4.0.ASSEMBLYATTRIBUTES.OBJ
D:\MERCURIAL\CS2103-F09-2C\QT\RELEASE\TASKYBACKEND.LIB
D:\Mercurial\cs2103-f09-2c\Qt\TaskyBackEnd\Release\.NETFramework,Version=v4.0.AssemblyAttributes.obj
D:\Mercurial\cs2103-f09-2c\Qt\TaskyBackEnd\Release\BasicDateTime.obj
D:\Mercurial\cs2103-f09-2c\Qt\TaskyBackEnd\Release\FileProcessing.obj
D:\Mercurial\cs2103-f09-2c\Qt\TaskyBackEnd\Release\HelpUser.obj
D:\Mercurial\cs2103-f09-2c\Qt\TaskyBackEnd\Release\History.obj
D:\Mercurial\cs2103-f09-2c\Qt\TaskyBackEnd\Release\HistoryCommand.obj
D:\Mercurial\cs2103-f09-2c\Qt\TaskyBackEnd\Release\Interpreter.obj
D:\Mercurial\cs2103-f09-2c\Qt\TaskyBackEnd\Release\Messages.obj
D:\Mercurial\cs2103-f09-2c\Qt\TaskyBackEnd\Release\Processor.obj
D:\Mercurial\cs2103-f09-2c\Qt\TaskyBackEnd\Release\Task.obj
D:\Mercurial\cs2103-f09-2c\Qt\TaskyBackEnd\Release\TaskList.obj
D:\Mercurial\cs2103-f09-2c\Qt\TaskyBackEnd\Release\cl.command.1.tlog
D:\Mercurial\cs2103-f09-2c\Qt\TaskyBackEnd\Release\CL.read.1.tlog
D:\Mercurial\cs2103-f09-2c\Qt\TaskyBackEnd\Release\CL.write.1.tlog
D:\Mercurial\cs2103-f09-2c\Qt\TaskyBackEnd\Release\Lib-link.read.1.tlog
D:\Mercurial\cs2103-f09-2c\Qt\TaskyBackEnd\Release\Lib-link.write.1.tlog
D:\Mercurial\cs2103-f09-2c\Qt\TaskyBackEnd\Release\lib.command.1.tlog
D:\Mercurial\cs2103-f09-2c\Qt\TaskyBackEnd\Release\metagen.read.1.tlog
D:\Mercurial\cs2103-f09-2c\Qt\TaskyBackEnd\Release\metagen.write.1.tlog
D:\Mercurial\cs2103-f09-2c\Qt\TaskyBackEnd\Release\vc110.pdb
D:\Mercurial\cs2103-f09-2c\Qt\TaskyBackEnd\Release\RSAENH.DLL.bi
D:\Mercurial\cs2103-f09-2c\Qt\TaskyBackEnd\Release\TZRES.DLL.bi
D:\Mercurial\cs2103-f09-2c\Qt\Release\TaskyBackEnd.lib
