D:\MERCURIAL\CS2103-F09-2C\QT\TASKYDESIGN1\DEBUG\TASKYDESIGN.OBJ
D:\MERCURIAL\CS2103-F09-2C\QT\TASKYDESIGN1\DEBUG\MAIN.OBJ
D:\MERCURIAL\CS2103-F09-2C\QT\TASKYDESIGN1\DEBUG\QXTGLOBALSHORTCUT_WIN.OBJ
D:\MERCURIAL\CS2103-F09-2C\QT\TASKYDESIGN1\DEBUG\QXTGLOBALSHORTCUT.OBJ
D:\MERCURIAL\CS2103-F09-2C\QT\TASKYDESIGN1\DEBUG\MOC_TASKYDESIGN.OBJ
D:\MERCURIAL\CS2103-F09-2C\QT\TASKYDESIGN1\DEBUG\MOC_QXTGLOBALSHORTCUT.OBJ
D:\MERCURIAL\CS2103-F09-2C\QT\TASKYDESIGN1\DEBUG\VC110.PDB
D:\MERCURIAL\CS2103-F09-2C\QT\TASKYDESIGN1\DEBUG\QRC_TASKYDESIGN.OBJ
D:\MERCURIAL\CS2103-F09-2C\QT\TASKYDESIGN1\GENERATEDFILES\DEBUG\MOC_TASKYDESIGN.CPP
D:\MERCURIAL\CS2103-F09-2C\QT\TASKYDESIGN1\GENERATEDFILES\UI_TASKYDESIGN.H
D:\MERCURIAL\CS2103-F09-2C\QT\TASKYDESIGN1\GENERATEDFILES\DEBUG\MOC_QXTGLOBALSHORTCUT.CPP
D:\MERCURIAL\CS2103-F09-2C\QT\TASKYDESIGN1\GENERATEDFILES\QRC_TASKYDESIGN.CPP
D:\MERCURIAL\CS2103-F09-2C\QT\WIN32\DEBUG\TASKYDESIGN.ILK
D:\MERCURIAL\CS2103-F09-2C\QT\WIN32\DEBUG\TASKYDESIGN.EXE
D:\MERCURIAL\CS2103-F09-2C\QT\WIN32\DEBUG\TASKYDESIGN.PDB
D:\MERCURIAL\CS2103-F09-2C\QT\TASKYDESIGN1\DEBUG\LOGO.RES
D:\Mercurial\cs2103-f09-2c\Qt\Win32\Debug\TaskyDesign.lib
D:\Mercurial\cs2103-f09-2c\Qt\Win32\Debug\TaskyDesign.exp
D:\Mercurial\cs2103-f09-2c\Qt\TaskyDesign1\Debug\main.obj
D:\Mercurial\cs2103-f09-2c\Qt\TaskyDesign1\Debug\moc_qxtglobalshortcut.obj
D:\Mercurial\cs2103-f09-2c\Qt\TaskyDesign1\Debug\moc_taskydesign.obj
D:\Mercurial\cs2103-f09-2c\Qt\TaskyDesign1\Debug\qrc_taskydesign.obj
D:\Mercurial\cs2103-f09-2c\Qt\TaskyDesign1\Debug\qxtglobalshortcut.obj
D:\Mercurial\cs2103-f09-2c\Qt\TaskyDesign1\Debug\qxtglobalshortcut_win.obj
D:\Mercurial\cs2103-f09-2c\Qt\TaskyDesign1\Debug\taskydesign.obj
D:\Mercurial\cs2103-f09-2c\Qt\TaskyDesign1\Debug\cl.command.1.tlog
D:\Mercurial\cs2103-f09-2c\Qt\TaskyDesign1\Debug\CL.read.1.tlog
D:\Mercurial\cs2103-f09-2c\Qt\TaskyDesign1\Debug\CL.write.1.tlog
D:\Mercurial\cs2103-f09-2c\Qt\TaskyDesign1\Debug\custombuild.command.1.tlog
D:\Mercurial\cs2103-f09-2c\Qt\TaskyDesign1\Debug\custombuild.read.1.tlog
D:\Mercurial\cs2103-f09-2c\Qt\TaskyDesign1\Debug\custombuild.write.1.tlog
D:\Mercurial\cs2103-f09-2c\Qt\TaskyDesign1\Debug\link.1904-cvtres.read.1.tlog
D:\Mercurial\cs2103-f09-2c\Qt\TaskyDesign1\Debug\link.1904-cvtres.write.1.tlog
D:\Mercurial\cs2103-f09-2c\Qt\TaskyDesign1\Debug\link.1904-rc.read.1.tlog
D:\Mercurial\cs2103-f09-2c\Qt\TaskyDesign1\Debug\link.1904-rc.write.1.tlog
D:\Mercurial\cs2103-f09-2c\Qt\TaskyDesign1\Debug\link.1904.read.1.tlog
D:\Mercurial\cs2103-f09-2c\Qt\TaskyDesign1\Debug\link.1904.write.1.tlog
D:\Mercurial\cs2103-f09-2c\Qt\TaskyDesign1\Debug\link.command.1.tlog
D:\Mercurial\cs2103-f09-2c\Qt\TaskyDesign1\Debug\link.read.1.tlog
D:\Mercurial\cs2103-f09-2c\Qt\TaskyDesign1\Debug\link.write.1.tlog
D:\Mercurial\cs2103-f09-2c\Qt\TaskyDesign1\Debug\rc.command.1.tlog
D:\Mercurial\cs2103-f09-2c\Qt\TaskyDesign1\Debug\rc.read.1.tlog
D:\Mercurial\cs2103-f09-2c\Qt\TaskyDesign1\Debug\rc.write.1.tlog
D:\Mercurial\cs2103-f09-2c\Qt\TaskyDesign1\Debug\TaskyDesign.write.1.tlog
D:\Mercurial\cs2103-f09-2c\Qt\TaskyDesign1\Debug\logo.res
D:\Mercurial\cs2103-f09-2c\Qt\TaskyDesign1\Debug\vc110.pdb
D:\Mercurial\cs2103-f09-2c\Qt\Win32\Debug\TaskyDesign.pdb
D:\Mercurial\cs2103-f09-2c\Qt\Win32\Debug\TaskyDesign.exe
D:\Mercurial\cs2103-f09-2c\Qt\Win32\Debug\TaskyDesign.ilk
